#
# There is insufficient memory for the Java Runtime Environment to continue.
# Native memory allocation (mmap) failed to map 1073741824 bytes for committing reserved memory.
# Possible reasons:
#   The system is out of physical RAM or swap space
#   In 32 bit mode, the process size limit was hit
# Possible solutions:
#   Reduce memory load on the system
#   Increase physical memory or swap space
#   Check if swap backing store is full
#   Use 64 bit Java on a 64 bit OS
#   Decrease Java heap size (-Xmx/-Xms)
#   Decrease number of Java threads
#   Decrease Java thread stack sizes (-Xss)
#   Set larger code cache with -XX:ReservedCodeCacheSize=
# This output file may be truncated or incomplete.
#
#  Out of Memory Error (os_linux.cpp:2627), pid=19886, tid=139620787128064
#
# JRE version:  (8.0_91-b14) (build )
# Java VM: Java HotSpot(TM) 64-Bit Server VM (25.91-b14 mixed mode linux-amd64 compressed oops)
# Failed to write core dump. Core dumps have been disabled. To enable core dumping, try "ulimit -c unlimited" before starting Java again
#

---------------  T H R E A D  ---------------

Current thread (0x00007efbf800f800):  JavaThread "Unknown thread" [_thread_in_vm, id=20129, stack(0x00007efbff5b9000,0x00007efbff6b9000)]

Stack: [0x00007efbff5b9000,0x00007efbff6b9000],  sp=0x00007efbff6b6de0,  free space=1015k
Native frames: (J=compiled Java code, j=interpreted, Vv=VM code, C=native code)
V  [libjvm.so+0xabc18a]  VMError::report_and_die()+0x2ba
V  [libjvm.so+0x4fafeb]  report_vm_out_of_memory(char const*, int, unsigned long, VMErrorType, char const*)+0x8b
V  [libjvm.so+0x91cbb3]  os::Linux::commit_memory_impl(char*, unsigned long, bool)+0x103
V  [libjvm.so+0x91d055]  os::pd_commit_memory_or_exit(char*, unsigned long, unsigned long, bool, char const*)+0x35
V  [libjvm.so+0x917126]  os::commit_memory_or_exit(char*, unsigned long, unsigned long, bool, char const*)+0x26
V  [libjvm.so+0x5c1a6f]  G1PageBasedVirtualSpace::commit_internal(unsigned long, unsigned long)+0xbf
V  [libjvm.so+0x5c1cfc]  G1PageBasedVirtualSpace::commit(unsigned long, unsigned long)+0x11c
V  [libjvm.so+0x5c4940]  G1RegionsLargerThanCommitSizeMapper::commit_regions(unsigned int, unsigned long)+0x40
V  [libjvm.so+0x626e27]  HeapRegionManager::commit_regions(unsigned int, unsigned long)+0x77
V  [libjvm.so+0x6280c1]  HeapRegionManager::make_regions_available(unsigned int, unsigned int)+0x31
V  [libjvm.so+0x628640]  HeapRegionManager::expand_by(unsigned int)+0xb0
V  [libjvm.so+0x598e29]  G1CollectedHeap::expand(unsigned long)+0x199
V  [libjvm.so+0x59f135]  G1CollectedHeap::initialize()+0x895
V  [libjvm.so+0xa849bb]  Universe::initialize_heap()+0xfb
V  [libjvm.so+0xa84d2e]  universe_init()+0x3e
V  [libjvm.so+0x63a575]  init_globals()+0x65
V  [libjvm.so+0xa68f3e]  Threads::create_vm(JavaVMInitArgs*, bool*)+0x23e
V  [libjvm.so+0x6cede4]  JNI_CreateJavaVM+0x74
C  [libjli.so+0x745e]  JavaMain+0x9e
C  [libpthread.so.0+0x751a]  start_thread+0xda


---------------  P R O C E S S  ---------------

Java Threads: ( => current thread )

Other Threads:

=>0x00007efbf800f800 (exited) JavaThread "Unknown thread" [_thread_in_vm, id=20129, stack(0x00007efbff5b9000,0x00007efbff6b9000)]

VM state:not at safepoint (not fully initialized)

VM Mutex/Monitor currently owned by a thread:  ([mutex/lock_event])
[0x00007efbf800bf50] Heap_lock - owner thread: 0x00007efbf800f800

GC Heap History (0 events):
No events

Deoptimization events (0 events):
No events

Internal exceptions (0 events):
No events

Events (0 events):
No events


Dynamic libraries:
00400000-00401000 r-xp 00000000 08:05 6179651                            /usr/lib/jvm/jdk1.8.0_91/bin/java
00600000-00601000 rw-p 00000000 08:05 6179651                            /usr/lib/jvm/jdk1.8.0_91/bin/java
02600000-02621000 rw-p 00000000 00:00 0                                  [heap]
7efbb4000000-7efbb4021000 rw-p 00000000 00:00 0 
7efbb4021000-7efbb8000000 ---p 00000000 00:00 0 
7efbba000000-7efbbc000000 rw-p 00000000 00:00 0 
7efbbc000000-7efbbc021000 rw-p 00000000 00:00 0 
7efbbc021000-7efbc0000000 ---p 00000000 00:00 0 
7efbc1476000-7efbc1aff000 rw-p 00000000 00:00 0 
7efbc1aff000-7efbc1b00000 ---p 00000000 00:00 0 
7efbc1b00000-7efbc1c00000 rw-p 00000000 00:00 0 
7efbc1c00000-7efbc4000000 ---p 00000000 00:00 0 
7efbc4000000-7efbc4021000 rw-p 00000000 00:00 0 
7efbc4021000-7efbc8000000 ---p 00000000 00:00 0 
7efbc8000000-7efbc8021000 rw-p 00000000 00:00 0 
7efbc8021000-7efbcc000000 ---p 00000000 00:00 0 
7efbcc000000-7efbcc021000 rw-p 00000000 00:00 0 
7efbcc021000-7efbd0000000 ---p 00000000 00:00 0 
7efbd0000000-7efbd0021000 rw-p 00000000 00:00 0 
7efbd0021000-7efbd4000000 ---p 00000000 00:00 0 
7efbd4000000-7efbd4021000 rw-p 00000000 00:00 0 
7efbd4021000-7efbd8000000 ---p 00000000 00:00 0 
7efbd8000000-7efbd8021000 rw-p 00000000 00:00 0 
7efbd8021000-7efbdc000000 ---p 00000000 00:00 0 
7efbdc000000-7efbdc021000 rw-p 00000000 00:00 0 
7efbdc021000-7efbe0000000 ---p 00000000 00:00 0 
7efbe0000000-7efbe0021000 rw-p 00000000 00:00 0 
7efbe0021000-7efbe4000000 ---p 00000000 00:00 0 
7efbe4000000-7efbe4021000 rw-p 00000000 00:00 0 
7efbe4021000-7efbe8000000 ---p 00000000 00:00 0 
7efbe8073000-7efbe80f5000 rw-p 00000000 00:00 0 
7efbe80f5000-7efbe80f6000 ---p 00000000 00:00 0 
7efbe80f6000-7efbe81f6000 rw-p 00000000 00:00 0 
7efbe81f6000-7efbe85f6000 ---p 00000000 00:00 0 
7efbe85f6000-7efbe85f7000 ---p 00000000 00:00 0 
7efbe85f7000-7efbe86f7000 rw-p 00000000 00:00 0 
7efbe86f7000-7efbe86f8000 ---p 00000000 00:00 0 
7efbe86f8000-7efbe87f8000 rw-p 00000000 00:00 0 
7efbe87f8000-7efbe87f9000 ---p 00000000 00:00 0 
7efbe87f9000-7efbe88f9000 rw-p 00000000 00:00 0 
7efbe88f9000-7efbe88fa000 ---p 00000000 00:00 0 
7efbe88fa000-7efbe89fa000 rw-p 00000000 00:00 0 
7efbe89fa000-7efbe89fb000 ---p 00000000 00:00 0 
7efbe89fb000-7efbe8eff000 rw-p 00000000 00:00 0 
7efbe8eff000-7efbe8f00000 ---p 00000000 00:00 0 
7efbe8f00000-7efbe9000000 rw-p 00000000 00:00 0 
7efbe9000000-7efbe9270000 rwxp 00000000 00:00 0 
7efbe9270000-7efbf8000000 ---p 00000000 00:00 0 
7efbf8000000-7efbf8073000 rw-p 00000000 00:00 0 
7efbf8073000-7efbfc000000 ---p 00000000 00:00 0 
7efbfc01e000-7efbfc05f000 rw-p 00000000 00:00 0 
7efbfc05f000-7efbfc060000 ---p 00000000 00:00 0 
7efbfc060000-7efbfc160000 rw-p 00000000 00:00 0 
7efbfc160000-7efbfc161000 ---p 00000000 00:00 0 
7efbfc161000-7efbfc261000 rw-p 00000000 00:00 0 
7efbfc261000-7efbfc262000 ---p 00000000 00:00 0 
7efbfc262000-7efbfc362000 rw-p 00000000 00:00 0 
7efbfc362000-7efbfc36c000 rw-p 00000000 00:00 0 
7efbfc36c000-7efbfc722000 ---p 00000000 00:00 0 
7efbfc722000-7efbfc73c000 r-xp 00000000 08:05 6954117                    /usr/lib/jvm/jdk1.8.0_91/jre/lib/amd64/libzip.so
7efbfc73c000-7efbfc93c000 ---p 0001a000 08:05 6954117                    /usr/lib/jvm/jdk1.8.0_91/jre/lib/amd64/libzip.so
7efbfc93c000-7efbfc93d000 rw-p 0001a000 08:05 6954117                    /usr/lib/jvm/jdk1.8.0_91/jre/lib/amd64/libzip.so
7efbfc93d000-7efbfc948000 r-xp 00000000 08:05 264204                     /lib/x86_64-linux-gnu/libnss_files-2.26.so
7efbfc948000-7efbfcb47000 ---p 0000b000 08:05 264204                     /lib/x86_64-linux-gnu/libnss_files-2.26.so
7efbfcb47000-7efbfcb48000 r--p 0000a000 08:05 264204                     /lib/x86_64-linux-gnu/libnss_files-2.26.so
7efbfcb48000-7efbfcb49000 rw-p 0000b000 08:05 264204                     /lib/x86_64-linux-gnu/libnss_files-2.26.so
7efbfcb49000-7efbfcb4f000 rw-p 00000000 00:00 0 
7efbfcb4f000-7efbfcb5a000 r-xp 00000000 08:05 264210                     /lib/x86_64-linux-gnu/libnss_nis-2.26.so
7efbfcb5a000-7efbfcd59000 ---p 0000b000 08:05 264210                     /lib/x86_64-linux-gnu/libnss_nis-2.26.so
7efbfcd59000-7efbfcd5a000 r--p 0000a000 08:05 264210                     /lib/x86_64-linux-gnu/libnss_nis-2.26.so
7efbfcd5a000-7efbfcd5b000 rw-p 0000b000 08:05 264210                     /lib/x86_64-linux-gnu/libnss_nis-2.26.so
7efbfcd5b000-7efbfcd70000 r-xp 00000000 08:05 264201                     /lib/x86_64-linux-gnu/libnsl-2.26.so
7efbfcd70000-7efbfcf6f000 ---p 00015000 08:05 264201                     /lib/x86_64-linux-gnu/libnsl-2.26.so
7efbfcf6f000-7efbfcf70000 r--p 00014000 08:05 264201                     /lib/x86_64-linux-gnu/libnsl-2.26.so
7efbfcf70000-7efbfcf71000 rw-p 00015000 08:05 264201                     /lib/x86_64-linux-gnu/libnsl-2.26.so
7efbfcf71000-7efbfcf73000 rw-p 00000000 00:00 0 
7efbfcf73000-7efbfcf7a000 r-xp 00000000 08:05 264202                     /lib/x86_64-linux-gnu/libnss_compat-2.26.so
7efbfcf7a000-7efbfd179000 ---p 00007000 08:05 264202                     /lib/x86_64-linux-gnu/libnss_compat-2.26.so
7efbfd179000-7efbfd17a000 r--p 00006000 08:05 264202                     /lib/x86_64-linux-gnu/libnss_compat-2.26.so
7efbfd17a000-7efbfd17b000 rw-p 00007000 08:05 264202                     /lib/x86_64-linux-gnu/libnss_compat-2.26.so
7efbfd17b000-7efbfd1a5000 r-xp 00000000 08:05 6954112                    /usr/lib/jvm/jdk1.8.0_91/jre/lib/amd64/libjava.so
7efbfd1a5000-7efbfd3a5000 ---p 0002a000 08:05 6954112                    /usr/lib/jvm/jdk1.8.0_91/jre/lib/amd64/libjava.so
7efbfd3a5000-7efbfd3a7000 rw-p 0002a000 08:05 6954112                    /usr/lib/jvm/jdk1.8.0_91/jre/lib/amd64/libjava.so
7efbfd3a7000-7efbfd3b4000 r-xp 00000000 08:05 6954139                    /usr/lib/jvm/jdk1.8.0_91/jre/lib/amd64/libverify.so
7efbfd3b4000-7efbfd5b4000 ---p 0000d000 08:05 6954139                    /usr/lib/jvm/jdk1.8.0_91/jre/lib/amd64/libverify.so
7efbfd5b4000-7efbfd5b6000 rw-p 0000d000 08:05 6954139                    /usr/lib/jvm/jdk1.8.0_91/jre/lib/amd64/libverify.so
7efbfd5b6000-7efbfd5bd000 r-xp 00000000 08:05 264359                     /lib/x86_64-linux-gnu/librt-2.26.so
7efbfd5bd000-7efbfd7bc000 ---p 00007000 08:05 264359                     /lib/x86_64-linux-gnu/librt-2.26.so
7efbfd7bc000-7efbfd7bd000 r--p 00006000 08:05 264359                     /lib/x86_64-linux-gnu/librt-2.26.so
7efbfd7bd000-7efbfd7be000 rw-p 00007000 08:05 264359                     /lib/x86_64-linux-gnu/librt-2.26.so
7efbfd7be000-7efbfd908000 r-xp 00000000 08:05 264188                     /lib/x86_64-linux-gnu/libm-2.26.so
7efbfd908000-7efbfdb07000 ---p 0014a000 08:05 264188                     /lib/x86_64-linux-gnu/libm-2.26.so
7efbfdb07000-7efbfdb08000 r--p 00149000 08:05 264188                     /lib/x86_64-linux-gnu/libm-2.26.so
7efbfdb08000-7efbfdb09000 rw-p 0014a000 08:05 264188                     /lib/x86_64-linux-gnu/libm-2.26.so
7efbfdb09000-7efbfe7c9000 r-xp 00000000 08:05 6954103                    /usr/lib/jvm/jdk1.8.0_91/jre/lib/amd64/server/libjvm.so
7efbfe7c9000-7efbfe9c9000 ---p 00cc0000 08:05 6954103                    /usr/lib/jvm/jdk1.8.0_91/jre/lib/amd64/server/libjvm.so
7efbfe9c9000-7efbfeaa1000 rw-p 00cc0000 08:05 6954103                    /usr/lib/jvm/jdk1.8.0_91/jre/lib/amd64/server/libjvm.so
7efbfeaa1000-7efbfeaec000 rw-p 00000000 00:00 0 
7efbfeaec000-7efbfec99000 r-xp 00000000 08:05 264175                     /lib/x86_64-linux-gnu/libc-2.26.so
7efbfec99000-7efbfee98000 ---p 001ad000 08:05 264175                     /lib/x86_64-linux-gnu/libc-2.26.so
7efbfee98000-7efbfee9c000 r--p 001ac000 08:05 264175                     /lib/x86_64-linux-gnu/libc-2.26.so
7efbfee9c000-7efbfee9e000 rw-p 001b0000 08:05 264175                     /lib/x86_64-linux-gnu/libc-2.26.so
7efbfee9e000-7efbfeea2000 rw-p 00000000 00:00 0 
7efbfeea2000-7efbfeea5000 r-xp 00000000 08:05 264186                     /lib/x86_64-linux-gnu/libdl-2.26.so
7efbfeea5000-7efbff0a4000 ---p 00003000 08:05 264186                     /lib/x86_64-linux-gnu/libdl-2.26.so
7efbff0a4000-7efbff0a5000 r--p 00002000 08:05 264186                     /lib/x86_64-linux-gnu/libdl-2.26.so
7efbff0a5000-7efbff0a6000 rw-p 00003000 08:05 264186                     /lib/x86_64-linux-gnu/libdl-2.26.so
7efbff0a6000-7efbff0bb000 r-xp 00000000 08:05 6953816                    /usr/lib/jvm/jdk1.8.0_91/lib/amd64/jli/libjli.so
7efbff0bb000-7efbff2bb000 ---p 00015000 08:05 6953816                    /usr/lib/jvm/jdk1.8.0_91/lib/amd64/jli/libjli.so
7efbff2bb000-7efbff2bc000 rw-p 00015000 08:05 6953816                    /usr/lib/jvm/jdk1.8.0_91/lib/amd64/jli/libjli.so
7efbff2bc000-7efbff2d5000 r-xp 00000000 08:05 264352                     /lib/x86_64-linux-gnu/libpthread-2.26.so
7efbff2d5000-7efbff4d4000 ---p 00019000 08:05 264352                     /lib/x86_64-linux-gnu/libpthread-2.26.so
7efbff4d4000-7efbff4d5000 r--p 00018000 08:05 264352                     /lib/x86_64-linux-gnu/libpthread-2.26.so
7efbff4d5000-7efbff4d6000 rw-p 00019000 08:05 264352                     /lib/x86_64-linux-gnu/libpthread-2.26.so
7efbff4d6000-7efbff4da000 rw-p 00000000 00:00 0 
7efbff4da000-7efbff4ff000 r-xp 00000000 08:05 264164                     /lib/x86_64-linux-gnu/ld-2.26.so
7efbff536000-7efbff5b8000 rw-p 00000000 00:00 0 
7efbff5b8000-7efbff5b9000 ---p 00000000 00:00 0 
7efbff5b9000-7efbff5bc000 ---p 00000000 00:00 0 
7efbff5bc000-7efbff6bd000 rw-p 00000000 00:00 0 
7efbff6f4000-7efbff6fc000 rw-s 00000000 08:05 8257542                    /tmp/hsperfdata_blackjack/19886
7efbff6fc000-7efbff6fd000 rw-p 00000000 00:00 0 
7efbff6fd000-7efbff6fe000 r--p 00000000 00:00 0 
7efbff6fe000-7efbff6ff000 r--p 00024000 08:05 264164                     /lib/x86_64-linux-gnu/ld-2.26.so
7efbff6ff000-7efbff700000 rw-p 00025000 08:05 264164                     /lib/x86_64-linux-gnu/ld-2.26.so
7efbff700000-7efbff701000 rw-p 00000000 00:00 0 
7ffbfffdb000-7ffbffffe000 rw-p 00000000 00:00 0                          [stack]
7ffc001fb000-7ffc001fe000 r--p 00000000 00:00 0                          [vvar]
7ffc001fe000-7ffc00200000 r-xp 00000000 00:00 0                          [vdso]

VM Arguments:
jvm_args: -Xmx1G -Xms1G -XX:+UseG1GC -XX:MaxGCPauseMillis=20 -XX:InitiatingHeapOccupancyPercent=35 -XX:+ExplicitGCInvokesConcurrent -Djava.awt.headless=true -Xloggc:/home/blackjack/dev/apache/kafka_2.11-1.0.1/bin/../logs/kafkaServer-gc.log -verbose:gc -XX:+PrintGCDetails -XX:+PrintGCDateStamps -XX:+PrintGCTimeStamps -XX:+UseGCLogFileRotation -XX:NumberOfGCLogFiles=10 -XX:GCLogFileSize=100M -Dcom.sun.management.jmxremote -Dcom.sun.management.jmxremote.authenticate=false -Dcom.sun.management.jmxremote.ssl=false -Dkafka.logs.dir=/home/blackjack/dev/apache/kafka_2.11-1.0.1/bin/../logs -Dlog4j.configuration=file:/home/blackjack/dev/apache/kafka_2.11-1.0.1/bin/../config/log4j.properties 
java_command: kafka.Kafka /home/blackjack/dev/apache/kafka_2.11-1.0.1/config/server.properties
java_class_path (initial): :/home/blackjack/dev/apache/kafka_2.11-1.0.1/bin/../libs/aopalliance-repackaged-2.5.0-b32.jar:/home/blackjack/dev/apache/kafka_2.11-1.0.1/bin/../libs/argparse4j-0.7.0.jar:/home/blackjack/dev/apache/kafka_2.11-1.0.1/bin/../libs/commons-lang3-3.5.jar:/home/blackjack/dev/apache/kafka_2.11-1.0.1/bin/../libs/connect-api-1.0.1.jar:/home/blackjack/dev/apache/kafka_2.11-1.0.1/bin/../libs/connect-file-1.0.1.jar:/home/blackjack/dev/apache/kafka_2.11-1.0.1/bin/../libs/connect-json-1.0.1.jar:/home/blackjack/dev/apache/kafka_2.11-1.0.1/bin/../libs/connect-runtime-1.0.1.jar:/home/blackjack/dev/apache/kafka_2.11-1.0.1/bin/../libs/connect-transforms-1.0.1.jar:/home/blackjack/dev/apache/kafka_2.11-1.0.1/bin/../libs/guava-20.0.jar:/home/blackjack/dev/apache/kafka_2.11-1.0.1/bin/../libs/hk2-api-2.5.0-b32.jar:/home/blackjack/dev/apache/kafka_2.11-1.0.1/bin/../libs/hk2-locator-2.5.0-b32.jar:/home/blackjack/dev/apache/kafka_2.11-1.0.1/bin/../libs/hk2-utils-2.5.0-b32.jar:/home/blackjack/dev/apache/kafka_2.11-1.0.1/bin/../libs/jackson-annotations-2.9.1.jar:/home/blackjack/dev/apache/kafka_2.11-1.0.1/bin/../libs/jackson-core-2.9.1.jar:/home/blackjack/dev/apache/kafka_2.11-1.0.1/bin/../libs/jackson-databind-2.9.1.jar:/home/blackjack/dev/apache/kafka_2.11-1.0.1/bin/../libs/jackson-jaxrs-base-2.9.1.jar:/home/blackjack/dev/apache/kafka_2.11-1.0.1/bin/../libs/jackson-jaxrs-json-provider-2.9.1.jar:/home/blackjack/dev/apache/kafka_2.11-1.0.1/bin/../libs/jackson-module-jaxb-annotations-2.9.1.jar:/home/blackjack/dev/apache/kafka_2.11-1.0.1/bin/../libs/javassist-3.20.0-GA.jar:/home/blackjack/dev/apache/kafka_2.11-1.0.1/bin/../libs/javassist-3.21.0-GA.jar:/home/blackjack/dev/apache/kafka_2.11-1.0.1/bin/../libs/javax.annotation-api-1.2.jar:/home/blackjack/dev/apache/kafka_2.11-1.0.1/bin/../libs/javax.inject-1.jar:/home/blackjack/dev/apache/kafka_2.11-1.0.1/bin/../libs/javax.inject-2.5.0-b32.jar:/home/blackjack/dev/apache/kafka_2.11-1.0.1/bin/../libs/javax.servlet-api-3.1.0.
Launcher Type: SUN_STANDARD

Environment Variables:
PATH=/usr/local/bin:/usr/bin:/bin:/usr/local/games:/usr/games:/home/blackjack/Android/Sdk/platform-tools:/home/blackjack/Android/Sdk/tools:/home/blackjack/dev/apache/hadoop/hadoop-3.0.0//bin:/home/blackjack/dev/apache/apache-hive-2.3.2-bin//bin
SHELL=/bin/bash
DISPLAY=:0

Signal Handlers:
SIGSEGV: [libjvm.so+0xabca10], sa_mask[0]=11111111011111111101111111111110, sa_flags=SA_RESTART|SA_SIGINFO
SIGBUS: [libjvm.so+0xabca10], sa_mask[0]=11111111011111111101111111111110, sa_flags=SA_RESTART|SA_SIGINFO
SIGFPE: [libjvm.so+0x919a20], sa_mask[0]=11111111011111111101111111111110, sa_flags=SA_RESTART|SA_SIGINFO
SIGPIPE: [libjvm.so+0x919a20], sa_mask[0]=11111111011111111101111111111110, sa_flags=SA_RESTART|SA_SIGINFO
SIGXFSZ: [libjvm.so+0x919a20], sa_mask[0]=11111111011111111101111111111110, sa_flags=SA_RESTART|SA_SIGINFO
SIGILL: [libjvm.so+0x919a20], sa_mask[0]=11111111011111111101111111111110, sa_flags=SA_RESTART|SA_SIGINFO
SIGUSR1: SIG_DFL, sa_mask[0]=00000000000000000000000000000000, sa_flags=none
SIGUSR2: [libjvm.so+0x91b050], sa_mask[0]=00000000000000000000000000000000, sa_flags=SA_RESTART|SA_SIGINFO
SIGHUP: SIG_DFL, sa_mask[0]=00000000000000000000000000000000, sa_flags=none
SIGINT: SIG_DFL, sa_mask[0]=00000000000000000000000000000000, sa_flags=none
SIGTERM: SIG_DFL, sa_mask[0]=00000000000000000000000000000000, sa_flags=none
SIGQUIT: SIG_DFL, sa_mask[0]=00000000000000000000000000000000, sa_flags=none


---------------  S Y S T E M  ---------------

OS:DISTRIB_ID=Kali
DISTRIB_RELEASE=kali-rolling
DISTRIB_CODENAME=kali-rolling
DISTRIB_DESCRIPTION="Kali GNU/Linux Rolling"

uname:Linux 4.14.0-kali3-amd64 #1 SMP Debian 4.14.17-1kali1 (2018-02-16) x86_64
libc:glibc 2.26 NPTL 2.26 
rlimit: STACK 8192k, CORE 0k, NPROC 19563, NOFILE 4096, AS infinity
load average:0.44 0.78 1.18

/proc/meminfo:
MemTotal:        5039604 kB
MemFree:          701812 kB
MemAvailable:     877928 kB
Buffers:           50056 kB
Cached:           325456 kB
SwapCached:        10344 kB
Active:          3217996 kB
Inactive:         840588 kB
Active(anon):    3007788 kB
Inactive(anon):   680960 kB
Active(file):     210208 kB
Inactive(file):   159628 kB
Unevictable:         800 kB
Mlocked:             800 kB
SwapTotal:        460796 kB
SwapFree:            308 kB
Dirty:              1096 kB
Writeback:            36 kB
AnonPages:       3674356 kB
Mapped:           293304 kB
Shmem:             61148 kB
Slab:              85100 kB
SReclaimable:      35108 kB
SUnreclaim:        49992 kB
KernelStack:       14328 kB
PageTables:        62072 kB
NFS_Unstable:          0 kB
Bounce:                0 kB
WritebackTmp:          0 kB
CommitLimit:     2980596 kB
Committed_AS:   10338356 kB
VmallocTotal:   34359738367 kB
VmallocUsed:           0 kB
VmallocChunk:          0 kB
HardwareCorrupted:     0 kB
AnonHugePages:   1808384 kB
ShmemHugePages:        0 kB
ShmemPmdMapped:        0 kB
HugePages_Total:       0
HugePages_Free:        0
HugePages_Rsvd:        0
HugePages_Surp:        0
Hugepagesize:       2048 kB
DirectMap4k:      490240 kB
DirectMap2M:     4716544 kB
DirectMap1G:     1048576 kB


CPU:total 4 (4 cores per cpu, 1 threads per core) family 22 model 48 stepping 1, cmov, cx8, fxsr, mmx, sse, sse2, sse3, ssse3, sse4.1, sse4.2, popcnt, avx, aes, clmul, mmxext, 3dnowpref, lzcnt, sse4a, tsc, tscinvbit, tscinv, bmi1

/proc/cpuinfo:
processor	: 0
vendor_id	: AuthenticAMD
cpu family	: 22
model		: 48
model name	: AMD A4-6210 APU with AMD Radeon R3 Graphics
stepping	: 1
microcode	: 0x7030105
cpu MHz		: 1304.398
cache size	: 2048 KB
physical id	: 0
siblings	: 4
core id		: 0
cpu cores	: 4
apicid		: 0
initial apicid	: 0
fpu		: yes
fpu_exception	: yes
cpuid level	: 13
wp		: yes
flags		: fpu vme de pse tsc msr pae mce cx8 apic sep mtrr pge mca cmov pat pse36 clflush mmx fxsr sse sse2 ht syscall nx mmxext fxsr_opt pdpe1gb rdtscp lm constant_tsc rep_good acc_power nopl nonstop_tsc cpuid extd_apicid aperfmperf pni pclmulqdq monitor ssse3 cx16 sse4_1 sse4_2 movbe popcnt aes xsave avx f16c rdrand lahf_lm cmp_legacy svm extapic cr8_legacy abm sse4a misalignsse 3dnowprefetch osvw ibs skinit wdt topoext perfctr_nb bpext ptsc perfctr_llc hw_pstate retpoline retpoline_amd rsb_ctxsw vmmcall bmi1 xsaveopt arat npt lbrv svm_lock nrip_save tsc_scale flushbyasid decodeassists pausefilter pfthreshold overflow_recov
bugs		: fxsave_leak sysret_ss_attrs null_seg spectre_v1 spectre_v2
bogomips	: 3593.14
TLB size	: 1024 4K pages
clflush size	: 64
cache_alignment	: 64
address sizes	: 40 bits physical, 48 bits virtual
power management: ts ttp tm 100mhzsteps hwpstate acc_power [13]

processor	: 1
vendor_id	: AuthenticAMD
cpu family	: 22
model		: 48
model name	: AMD A4-6210 APU with AMD Radeon R3 Graphics
stepping	: 1
microcode	: 0x7030105
cpu MHz		: 1252.856
cache size	: 2048 KB
physical id	: 0
siblings	: 4
core id		: 1
cpu cores	: 4
apicid		: 1
initial apicid	: 1
fpu		: yes
fpu_exception	: yes
cpuid level	: 13
wp		: yes
flags		: fpu vme de pse tsc msr pae mce cx8 apic sep mtrr pge mca cmov pat pse36 clflush mmx fxsr sse sse2 ht syscall nx mmxext fxsr_opt pdpe1gb rdtscp lm constant_tsc rep_good acc_power nopl nonstop_tsc cpuid extd_apicid aperfmperf pni pclmulqdq monitor ssse3 cx16 sse4_1 sse4_2 movbe popcnt aes xsave avx f16c rdrand lahf_lm cmp_legacy svm extapic cr8_legacy abm sse4a misalignsse 3dnowprefetch osvw ibs skinit wdt topoext perfctr_nb bpext ptsc perfctr_llc hw_pstate retpoline retpoline_amd rsb_ctxsw vmmcall bmi1 xsaveopt arat npt lbrv svm_lock nrip_save tsc_scale flushbyasid decodeassists pausefilter pfthreshold overflow_recov
bugs		: fxsave_leak sysret_ss_attrs null_seg spectre_v1 spectre_v2
bogomips	: 3593.14
TLB size	: 1024 4K pages
clflush size	: 64
cache_alignment	: 64
address sizes	: 40 bits physical, 48 bits virtual
power management: ts ttp tm 100mhzsteps hwpstate acc_power [13]

processor	: 2
vendor_id	: AuthenticAMD
cpu family	: 22
model		: 48
model name	: AMD A4-6210 APU with AMD Radeon R3 Graphics
stepping	: 1
microcode	: 0x7030105
cpu MHz		: 1199.475
cache size	: 2048 KB
physical id	: 0
siblings	: 4
core id		: 2
cpu cores	: 4
apicid		: 2
initial apicid	: 2
fpu		: yes
fpu_exception	: yes
cpuid level	: 13
wp		: yes
flags		: fpu vme de pse tsc msr pae mce cx8 apic sep mtrr pge mca cmov pat pse36 clflush mmx fxsr sse sse2 ht syscall nx mmxext fxsr_opt pdpe1gb rdtscp lm constant_tsc rep_good acc_power nopl nonstop_tsc cpuid extd_apicid aperfmperf pni pclmulqdq monitor ssse3 cx16 sse4_1 sse4_2 movbe popcnt aes xsave avx f16c rdrand lahf_lm cmp_legacy svm extapic cr8_legacy abm sse4a misalignsse 3dnowprefetch osvw ibs skinit wdt topoext perfctr_nb bpext ptsc perfctr_llc hw_pstate retpoline retpoline_amd rsb_ctxsw vmmcall bmi1 xsaveopt arat npt lbrv svm_lock nrip_save tsc_scale flushbyasid decodeassists pausefilter pfthreshold overflow_recov
bugs		: fxsave_leak sysret_ss_attrs null_seg spectre_v1 spectre_v2
bogomips	: 3593.14
TLB size	: 1024 4K pages
clflush size	: 64
cache_alignment	: 64
address sizes	: 40 bits physical, 48 bits virtual
power management: ts ttp tm 100mhzsteps hwpstate acc_power [13]

processor	: 3
vendor_id	: AuthenticAMD
cpu family	: 22
model		: 48
model name	: AMD A4-6210 APU with AMD Radeon R3 Graphics
stepping	: 1
microcode	: 0x7030105
cpu MHz		: 1245.689
cache size	: 2048 KB
physical id	: 0
siblings	: 4
core id		: 3
cpu cores	: 4
apicid		: 3
initial apicid	: 3
fpu		: yes
fpu_exception	: yes
cpuid level	: 13
wp		: yes
flags		: fpu vme de pse tsc msr pae mce cx8 apic sep mtrr pge mca cmov pat pse36 clflush mmx fxsr sse sse2 ht syscall nx mmxext fxsr_opt pdpe1gb rdtscp lm constant_tsc rep_good acc_power nopl nonstop_tsc cpuid extd_apicid aperfmperf pni pclmulqdq monitor ssse3 cx16 sse4_1 sse4_2 movbe popcnt aes xsave avx f16c rdrand lahf_lm cmp_legacy svm extapic cr8_legacy abm sse4a misalignsse 3dnowprefetch osvw ibs skinit wdt topoext perfctr_nb bpext ptsc perfctr_llc hw_pstate retpoline retpoline_amd rsb_ctxsw vmmcall bmi1 xsaveopt arat npt lbrv svm_lock nrip_save tsc_scale flushbyasid decodeassists pausefilter pfthreshold overflow_recov
bugs		: fxsave_leak sysret_ss_attrs null_seg spectre_v1 spectre_v2
bogomips	: 3593.14
TLB size	: 1024 4K pages
clflush size	: 64
cache_alignment	: 64
address sizes	: 40 bits physical, 48 bits virtual
power management: ts ttp tm 100mhzsteps hwpstate acc_power [13]



Memory: 4k page, physical 5039604k(701688k free), swap 460796k(308k free)

vm_info: Java HotSpot(TM) 64-Bit Server VM (25.91-b14) for linux-amd64 JRE (1.8.0_91-b14), built on Apr  1 2016 00:57:21 by "java_re" with gcc 4.3.0 20080428 (Red Hat 4.3.0-8)

time: Mon Apr 16 19:30:42 2018
elapsed time: 0 seconds (0d 0h 0m 0s)

